<?xml version="1.0" encoding="UTF-8"?>
<!-- Generated by org.testng.reporters.JUnitReportReporter -->
<testsuite hostname="Tarun" failures="0" tests="1" name="chtagPT.testChat" time="12.488" errors="0" timestamp="2025-01-09T23:52:09 EST" skipped="0">
  <testcase classname="chtagPT.testChat" name="test1" time="12.488"/>
</testsuite> <!-- chtagPT.testChat -->
